<?xml version="1.0" encoding="UTF-8"?><testrun duration="84278" footerText="Generated by IntelliJ IDEA on 14.06.2021, 20:13" name="Feature: functional">
    <count name="total" value="83"/>
    <count name="failed" value="2"/>
    <count name="ignored" value="3"/>
    <count name="passed" value="78"/>
    <config nameIsGenerated="true" configId="CucumberJavaRunConfigurationType" name="Feature: functional">
        <option name="CUCUMBER_CORE_VERSION" value="5"/>
        <option name="FILE_PATH" value="C:/Users/oprhe/IdeaProjects/finalTaskOfTA_hw5/src/main/resources/functional.feature"/>
        <option name="GLUE" value="stepdefinitions"/>
        <option name="MAIN_CLASS_NAME" value="io.cucumber.core.cli.Main"/>
        <module name="finalTaskOfTA_hw5"/>
        <option name="PROGRAM_PARAMETERS" value=" --plugin org.jetbrains.plugins.cucumber.java.run.CucumberJvm5SMFormatter"/>
        <option name="SUGGESTED_NAME" value="Feature: functional"/>
        <option name="WORKING_DIRECTORY" value="$MODULE_WORKING_DIR$"/>
        <extension name="coverage">
            <pattern>
                <option name="PATTERN" value="io.cucumber.core.cli.*"/>
                <option name="ENABLED" value="true"/>
            </pattern>
        </extension>
        <method v="2">
            <option name="Make" enabled="true"/>
        </method>
    </config>
    <suite duration="84278" name="Cucumber" status="failed">
        <suite duration="84278" locationUrl="file:///C:/Users/oprhe/IdeaProjects/finalTaskOfTA_hw5/src/main/resources/functional.feature:1" name="Functional" status="failed">
            <suite duration="8764" locationUrl="file:///C:/Users/oprhe/IdeaProjects/finalTaskOfTA_hw5/src/main/resources/functional.feature:6" name="Check log in with incorrect email address" status="passed">
                <suite duration="8764" locationUrl="file:///C:/Users/oprhe/IdeaProjects/finalTaskOfTA_hw5/src/main/resources/functional.feature:13" name="Examples" status="passed">
                    <suite duration="8764" locationUrl="file:///C:/Users/oprhe/IdeaProjects/finalTaskOfTA_hw5/src/main/resources/functional.feature:15" name="Example #1" status="passed">
                        <test duration="1461" locationUrl="java:test://stepdefinitions.DefinitionSteps/testsSetUp" name="Before" status="passed">
                            <output type="stderr">SLF4J: Failed to load class &amp;quot;org.slf4j.impl.StaticLoggerBinder&amp;quot;.
SLF4J: Defaulting to no-operation (NOP) logger implementation
SLF4J: See http://www.slf4j.org/codes.html#StaticLoggerBinder for further details.
Starting ChromeDriver 91.0.4472.101 (af52a90bf87030dd1523486a1cd3ae25c5d76c9b-refs/branch-heads/4472@{#1462}) on port 4808
Only local connections are allowed.
Please see https://chromedriver.chromium.org/security-considerations for suggestions on keeping ChromeDriver safe.
ChromeDriver was started successfully.
июн. 14, 2021 7:55:27 PM org.openqa.selenium.remote.ProtocolHandshake createSession
INFO: Detected dialect: W3C
</output>
                        </test>
                        <test duration="1514" locationUrl="file:///C:/Users/oprhe/IdeaProjects/finalTaskOfTA_hw5/src/main/resources/functional.feature:7" name="User opens 'https://www.amazon.com/' page" status="passed"/>
                        <test duration="833" locationUrl="file:///C:/Users/oprhe/IdeaProjects/finalTaskOfTA_hw5/src/main/resources/functional.feature:8" name="User clicks to 'Sign In' button" status="passed"/>
                        <test duration="146" locationUrl="file:///C:/Users/oprhe/IdeaProjects/finalTaskOfTA_hw5/src/main/resources/functional.feature:9" name="User enters 'dfvcddc@ddd.ddd' email address in 'Email or username' field" status="passed"/>
                        <test duration="601" locationUrl="file:///C:/Users/oprhe/IdeaProjects/finalTaskOfTA_hw5/src/main/resources/functional.feature:10" name="User clicks to 'Continue' button" status="passed"/>
                        <test duration="45" locationUrl="file:///C:/Users/oprhe/IdeaProjects/finalTaskOfTA_hw5/src/main/resources/functional.feature:11" name="User checks that error massage 'We cannot find an account with that email address' appears" status="passed"/>
                        <test duration="4164" locationUrl="java:test://stepdefinitions.DefinitionSteps/tearDown" name="After" status="passed"/>
                    </suite>
                </suite>
            </suite>
            <suite duration="10125" locationUrl="file:///C:/Users/oprhe/IdeaProjects/finalTaskOfTA_hw5/src/main/resources/functional.feature:18" name="Check log in with incorrect password" status="passed">
                <suite duration="10125" locationUrl="file:///C:/Users/oprhe/IdeaProjects/finalTaskOfTA_hw5/src/main/resources/functional.feature:28" name="Examples" status="passed">
                    <suite duration="10125" locationUrl="file:///C:/Users/oprhe/IdeaProjects/finalTaskOfTA_hw5/src/main/resources/functional.feature:30" name="Example #1" status="passed">
                        <test duration="724" locationUrl="java:test://stepdefinitions.DefinitionSteps/testsSetUp" name="Before" status="passed">
                            <output type="stderr">Starting ChromeDriver 91.0.4472.101 (af52a90bf87030dd1523486a1cd3ae25c5d76c9b-refs/branch-heads/4472@{#1462}) on port 41831
Only local connections are allowed.
Please see https://chromedriver.chromium.org/security-considerations for suggestions on keeping ChromeDriver safe.
ChromeDriver was started successfully.
июн. 14, 2021 7:55:35 PM org.openqa.selenium.remote.ProtocolHandshake createSession
INFO: Detected dialect: W3C
</output>
                        </test>
                        <test duration="1171" locationUrl="file:///C:/Users/oprhe/IdeaProjects/finalTaskOfTA_hw5/src/main/resources/functional.feature:19" name="User opens 'https://www.amazon.com/' page" status="passed"/>
                        <test duration="1210" locationUrl="file:///C:/Users/oprhe/IdeaProjects/finalTaskOfTA_hw5/src/main/resources/functional.feature:20" name="User clicks to 'Sign In' button" status="passed"/>
                        <test duration="127" locationUrl="file:///C:/Users/oprhe/IdeaProjects/finalTaskOfTA_hw5/src/main/resources/functional.feature:21" name="User enters 'lola@gmail.com' email address in 'Email or username' field" status="passed"/>
                        <test duration="813" locationUrl="file:///C:/Users/oprhe/IdeaProjects/finalTaskOfTA_hw5/src/main/resources/functional.feature:22" name="User clicks to 'Continue' button" status="passed"/>
                        <test duration="25" locationUrl="file:///C:/Users/oprhe/IdeaProjects/finalTaskOfTA_hw5/src/main/resources/functional.feature:23" name="User checks that emailAddress is visible" status="passed"/>
                        <test duration="76" locationUrl="file:///C:/Users/oprhe/IdeaProjects/finalTaskOfTA_hw5/src/main/resources/functional.feature:24" name="User enters invalid password 'ffffffffff' in password field" status="passed"/>
                        <test duration="59" locationUrl="file:///C:/Users/oprhe/IdeaProjects/finalTaskOfTA_hw5/src/main/resources/functional.feature:25" name="User clicks to 'Sign in' button on the login Page" status="passed"/>
                        <test duration="1748" locationUrl="file:///C:/Users/oprhe/IdeaProjects/finalTaskOfTA_hw5/src/main/resources/functional.feature:26" name="User checks that error massage 'To better protect your account, please re-enter your password and then enter the characters as they are shown in the image below.' appears" status="passed"/>
                        <test duration="4172" locationUrl="java:test://stepdefinitions.DefinitionSteps/tearDown" name="After" status="passed"/>
                    </suite>
                </suite>
            </suite>
            <suite duration="8078" locationUrl="file:///C:/Users/oprhe/IdeaProjects/finalTaskOfTA_hw5/src/main/resources/functional.feature:33" name="Check log in with correct credentials" status="passed">
                <suite duration="8078" locationUrl="file:///C:/Users/oprhe/IdeaProjects/finalTaskOfTA_hw5/src/main/resources/functional.feature:43" name="Examples" status="passed">
                    <suite duration="8078" locationUrl="file:///C:/Users/oprhe/IdeaProjects/finalTaskOfTA_hw5/src/main/resources/functional.feature:45" name="Example #1" status="passed">
                        <test duration="821" locationUrl="java:test://stepdefinitions.DefinitionSteps/testsSetUp" name="Before" status="passed">
                            <output type="stderr">Starting ChromeDriver 91.0.4472.101 (af52a90bf87030dd1523486a1cd3ae25c5d76c9b-refs/branch-heads/4472@{#1462}) on port 31830
Only local connections are allowed.
Please see https://chromedriver.chromium.org/security-considerations for suggestions on keeping ChromeDriver safe.
ChromeDriver was started successfully.
июн. 14, 2021 7:55:45 PM org.openqa.selenium.remote.ProtocolHandshake createSession
INFO: Detected dialect: W3C
</output>
                        </test>
                        <test duration="1459" locationUrl="file:///C:/Users/oprhe/IdeaProjects/finalTaskOfTA_hw5/src/main/resources/functional.feature:34" name="User opens 'https://www.amazon.com/' page" status="passed"/>
                        <test duration="593" locationUrl="file:///C:/Users/oprhe/IdeaProjects/finalTaskOfTA_hw5/src/main/resources/functional.feature:35" name="User clicks to 'Sign In' button" status="passed"/>
                        <test duration="134" locationUrl="file:///C:/Users/oprhe/IdeaProjects/finalTaskOfTA_hw5/src/main/resources/functional.feature:36" name="User enters 'opr.helena@gmail.com' email address in 'Email or username' field" status="passed"/>
                        <test duration="728" locationUrl="file:///C:/Users/oprhe/IdeaProjects/finalTaskOfTA_hw5/src/main/resources/functional.feature:37" name="User clicks to 'Continue' button" status="passed"/>
                        <test duration="22" locationUrl="file:///C:/Users/oprhe/IdeaProjects/finalTaskOfTA_hw5/src/main/resources/functional.feature:38" name="User checks that emailAddress is visible" status="passed"/>
                        <test duration="99" locationUrl="file:///C:/Users/oprhe/IdeaProjects/finalTaskOfTA_hw5/src/main/resources/functional.feature:39" name="User enters valid password 'Alexandr_2004' in password field" status="passed"/>
                        <test duration="56" locationUrl="file:///C:/Users/oprhe/IdeaProjects/finalTaskOfTA_hw5/src/main/resources/functional.feature:40" name="User clicks to 'Sign in' button on the login Page" status="passed"/>
                        <test duration="4166" locationUrl="java:test://stepdefinitions.DefinitionSteps/tearDown" name="After" status="passed"/>
                    </suite>
                </suite>
            </suite>
            <suite duration="5667" locationUrl="file:///C:/Users/oprhe/IdeaProjects/finalTaskOfTA_hw5/src/main/resources/functional.feature:48" name="Check that search result contains search word" status="passed">
                <suite duration="5667" locationUrl="file:///C:/Users/oprhe/IdeaProjects/finalTaskOfTA_hw5/src/main/resources/functional.feature:56" name="Examples" status="passed">
                    <suite duration="5667" locationUrl="file:///C:/Users/oprhe/IdeaProjects/finalTaskOfTA_hw5/src/main/resources/functional.feature:58" name="Example #1" status="passed">
                        <test duration="846" locationUrl="java:test://stepdefinitions.DefinitionSteps/testsSetUp" name="Before" status="passed">
                            <output type="stderr">Starting ChromeDriver 91.0.4472.101 (af52a90bf87030dd1523486a1cd3ae25c5d76c9b-refs/branch-heads/4472@{#1462}) on port 41946
Only local connections are allowed.
Please see https://chromedriver.chromium.org/security-considerations for suggestions on keeping ChromeDriver safe.
ChromeDriver was started successfully.
июн. 14, 2021 7:55:53 PM org.openqa.selenium.remote.ProtocolHandshake createSession
INFO: Detected dialect: W3C
</output>
                        </test>
                        <test duration="1245" locationUrl="file:///C:/Users/oprhe/IdeaProjects/finalTaskOfTA_hw5/src/main/resources/functional.feature:49" name="User opens 'https://www.amazon.com/' page" status="passed"/>
                        <test duration="31" locationUrl="file:///C:/Users/oprhe/IdeaProjects/finalTaskOfTA_hw5/src/main/resources/functional.feature:50" name="User checks that search field visibility" status="passed"/>
                        <test duration="155" locationUrl="file:///C:/Users/oprhe/IdeaProjects/finalTaskOfTA_hw5/src/main/resources/functional.feature:51" name="User enters the search word 'Crocs women' in to search field" status="passed"/>
                        <test duration="2558" locationUrl="file:///C:/Users/oprhe/IdeaProjects/finalTaskOfTA_hw5/src/main/resources/functional.feature:52" name="User clicks to search icon" status="passed"/>
                        <test duration="56" locationUrl="file:///C:/Users/oprhe/IdeaProjects/finalTaskOfTA_hw5/src/main/resources/functional.feature:53" name="User checks that filter menu is visible" status="passed"/>
                        <test duration="673" locationUrl="file:///C:/Users/oprhe/IdeaProjects/finalTaskOfTA_hw5/src/main/resources/functional.feature:54" name="User checks that search result contains search word 'Crocs'" status="passed"/>
                        <test duration="103" locationUrl="java:test://stepdefinitions.DefinitionSteps/tearDown" name="After" status="passed"/>
                    </suite>
                </suite>
            </suite>
            <suite duration="7772" locationUrl="file:///C:/Users/oprhe/IdeaProjects/finalTaskOfTA_hw5/src/main/resources/functional.feature:61" name="Select product items with needed size" status="passed">
                <suite duration="7772" locationUrl="file:///C:/Users/oprhe/IdeaProjects/finalTaskOfTA_hw5/src/main/resources/functional.feature:71" name="Examples" status="passed">
                    <suite duration="7772" locationUrl="file:///C:/Users/oprhe/IdeaProjects/finalTaskOfTA_hw5/src/main/resources/functional.feature:73" name="Example #1" status="passed">
                        <test duration="853" locationUrl="java:test://stepdefinitions.DefinitionSteps/testsSetUp" name="Before" status="passed">
                            <output type="stderr">Starting ChromeDriver 91.0.4472.101 (af52a90bf87030dd1523486a1cd3ae25c5d76c9b-refs/branch-heads/4472@{#1462}) on port 13342
Only local connections are allowed.
Please see https://chromedriver.chromium.org/security-considerations for suggestions on keeping ChromeDriver safe.
ChromeDriver was started successfully.
июн. 14, 2021 7:55:59 PM org.openqa.selenium.remote.ProtocolHandshake createSession
INFO: Detected dialect: W3C
</output>
                        </test>
                        <test duration="1242" locationUrl="file:///C:/Users/oprhe/IdeaProjects/finalTaskOfTA_hw5/src/main/resources/functional.feature:62" name="User opens 'https://www.amazon.com/' page" status="passed"/>
                        <test duration="150" locationUrl="file:///C:/Users/oprhe/IdeaProjects/finalTaskOfTA_hw5/src/main/resources/functional.feature:63" name="User enters the search word 'Crocs women' in to search field" status="passed"/>
                        <test duration="2096" locationUrl="file:///C:/Users/oprhe/IdeaProjects/finalTaskOfTA_hw5/src/main/resources/functional.feature:64" name="User clicks to search icon" status="passed"/>
                        <test duration="60" locationUrl="file:///C:/Users/oprhe/IdeaProjects/finalTaskOfTA_hw5/src/main/resources/functional.feature:65" name="User checks that filter menu is visible" status="passed"/>
                        <test duration="2720" locationUrl="file:///C:/Users/oprhe/IdeaProjects/finalTaskOfTA_hw5/src/main/resources/functional.feature:66" name="User clicks to needed product item 0 on page" status="passed"/>
                        <test duration="208" locationUrl="file:///C:/Users/oprhe/IdeaProjects/finalTaskOfTA_hw5/src/main/resources/functional.feature:67" name="User clicks to size select button" status="passed"/>
                        <test duration="207" locationUrl="file:///C:/Users/oprhe/IdeaProjects/finalTaskOfTA_hw5/src/main/resources/functional.feature:68" name="User clicks to size 4 in size list" status="passed"/>
                        <test duration="106" locationUrl="file:///C:/Users/oprhe/IdeaProjects/finalTaskOfTA_hw5/src/main/resources/functional.feature:69" name="User check that 'Buy Now' button is visible" status="passed"/>
                        <test duration="130" locationUrl="java:test://stepdefinitions.DefinitionSteps/tearDown" name="After" status="passed"/>
                    </suite>
                </suite>
            </suite>
            <suite duration="7417" locationUrl="file:///C:/Users/oprhe/IdeaProjects/finalTaskOfTA_hw5/src/main/resources/functional.feature:76" name="User checks the header dropdown menu" status="passed">
                <suite duration="7417" locationUrl="file:///C:/Users/oprhe/IdeaProjects/finalTaskOfTA_hw5/src/main/resources/functional.feature:84" name="Examples" status="passed">
                    <suite duration="7417" locationUrl="file:///C:/Users/oprhe/IdeaProjects/finalTaskOfTA_hw5/src/main/resources/functional.feature:86" name="Example #1" status="passed">
                        <test duration="770" locationUrl="java:test://stepdefinitions.DefinitionSteps/testsSetUp" name="Before" status="passed">
                            <output type="stderr">Starting ChromeDriver 91.0.4472.101 (af52a90bf87030dd1523486a1cd3ae25c5d76c9b-refs/branch-heads/4472@{#1462}) on port 44494
Only local connections are allowed.
Please see https://chromedriver.chromium.org/security-considerations for suggestions on keeping ChromeDriver safe.
ChromeDriver was started successfully.
июн. 14, 2021 7:56:07 PM org.openqa.selenium.remote.ProtocolHandshake createSession
INFO: Detected dialect: W3C
</output>
                        </test>
                        <test duration="1278" locationUrl="file:///C:/Users/oprhe/IdeaProjects/finalTaskOfTA_hw5/src/main/resources/functional.feature:77" name="User opens 'https://www.amazon.com/' page" status="passed"/>
                        <test duration="886" locationUrl="file:///C:/Users/oprhe/IdeaProjects/finalTaskOfTA_hw5/src/main/resources/functional.feature:78" name="User clicks to the 'All' button on the header menu" status="passed"/>
                        <test duration="84" locationUrl="file:///C:/Users/oprhe/IdeaProjects/finalTaskOfTA_hw5/src/main/resources/functional.feature:79" name="User checks that the header dropdown menu is visible" status="passed"/>
                        <test duration="66" locationUrl="file:///C:/Users/oprhe/IdeaProjects/finalTaskOfTA_hw5/src/main/resources/functional.feature:80" name="User clicks to the arrow below 'See All' text from 'Shop By Department' catalog" status="passed"/>
                        <test duration="154" locationUrl="file:///C:/Users/oprhe/IdeaProjects/finalTaskOfTA_hw5/src/main/resources/functional.feature:81" name="User clicks to catalog item 5" status="passed"/>
                        <test duration="27" locationUrl="file:///C:/Users/oprhe/IdeaProjects/finalTaskOfTA_hw5/src/main/resources/functional.feature:82" name="User checks that catalog menu is visible" status="passed"/>
                        <test duration="4152" locationUrl="java:test://stepdefinitions.DefinitionSteps/tearDown" name="After" status="passed"/>
                    </suite>
                </suite>
            </suite>
            <suite duration="12149" locationUrl="file:///C:/Users/oprhe/IdeaProjects/finalTaskOfTA_hw5/src/main/resources/functional.feature:89" name="User checks the Gift Cards menu" status="passed">
                <suite duration="12149" locationUrl="file:///C:/Users/oprhe/IdeaProjects/finalTaskOfTA_hw5/src/main/resources/functional.feature:97" name="Examples" status="passed">
                    <suite duration="12149" locationUrl="file:///C:/Users/oprhe/IdeaProjects/finalTaskOfTA_hw5/src/main/resources/functional.feature:99" name="Example #1" status="passed">
                        <test duration="806" locationUrl="java:test://stepdefinitions.DefinitionSteps/testsSetUp" name="Before" status="passed">
                            <output type="stderr">Starting ChromeDriver 91.0.4472.101 (af52a90bf87030dd1523486a1cd3ae25c5d76c9b-refs/branch-heads/4472@{#1462}) on port 39043
Only local connections are allowed.
Please see https://chromedriver.chromium.org/security-considerations for suggestions on keeping ChromeDriver safe.
ChromeDriver was started successfully.
июн. 14, 2021 7:56:14 PM org.openqa.selenium.remote.ProtocolHandshake createSession
INFO: Detected dialect: W3C
</output>
                        </test>
                        <test duration="1185" locationUrl="file:///C:/Users/oprhe/IdeaProjects/finalTaskOfTA_hw5/src/main/resources/functional.feature:90" name="User opens 'https://www.amazon.com/' page" status="passed"/>
                        <test duration="1552" locationUrl="file:///C:/Users/oprhe/IdeaProjects/finalTaskOfTA_hw5/src/main/resources/functional.feature:91" name="User clicks to 'Gift Cards' button on header menu" status="passed"/>
                        <test duration="1989" locationUrl="file:///C:/Users/oprhe/IdeaProjects/finalTaskOfTA_hw5/src/main/resources/functional.feature:92" name="User clicks to 'Mail' section on the gift cards page" status="passed"/>
                        <test duration="2292" locationUrl="file:///C:/Users/oprhe/IdeaProjects/finalTaskOfTA_hw5/src/main/resources/functional.feature:93" name="User clicks to selected gift card 3 from the product items page" status="passed"/>
                        <test duration="62" locationUrl="file:///C:/Users/oprhe/IdeaProjects/finalTaskOfTA_hw5/src/main/resources/functional.feature:94" name="User checks that the images of selected item is visible" status="passed"/>
                        <test duration="86" locationUrl="file:///C:/Users/oprhe/IdeaProjects/finalTaskOfTA_hw5/src/main/resources/functional.feature:95" name="User checks that the price of selected item is visible" status="passed"/>
                        <test duration="4177" locationUrl="java:test://stepdefinitions.DefinitionSteps/tearDown" name="After" status="passed"/>
                    </suite>
                </suite>
            </suite>
            <suite duration="12142" locationUrl="file:///C:/Users/oprhe/IdeaProjects/finalTaskOfTA_hw5/src/main/resources/functional.feature:101" name="User checks the number of purchased items is displayed correctly above the cart icon" status="failed">
                <suite duration="12142" locationUrl="file:///C:/Users/oprhe/IdeaProjects/finalTaskOfTA_hw5/src/main/resources/functional.feature:113" name="Examples" status="failed">
                    <suite duration="12142" locationUrl="file:///C:/Users/oprhe/IdeaProjects/finalTaskOfTA_hw5/src/main/resources/functional.feature:115" name="Example #1" status="failed">
                        <test duration="800" locationUrl="java:test://stepdefinitions.DefinitionSteps/testsSetUp" name="Before" status="passed">
                            <output type="stderr">Starting ChromeDriver 91.0.4472.101 (af52a90bf87030dd1523486a1cd3ae25c5d76c9b-refs/branch-heads/4472@{#1462}) on port 14164
Only local connections are allowed.
Please see https://chromedriver.chromium.org/security-considerations for suggestions on keeping ChromeDriver safe.
ChromeDriver was started successfully.
июн. 14, 2021 7:56:26 PM org.openqa.selenium.remote.ProtocolHandshake createSession
INFO: Detected dialect: W3C
</output>
                        </test>
                        <test duration="1234" locationUrl="file:///C:/Users/oprhe/IdeaProjects/finalTaskOfTA_hw5/src/main/resources/functional.feature:102" name="User opens 'https://www.amazon.com/' page" status="passed"/>
                        <test duration="167" locationUrl="file:///C:/Users/oprhe/IdeaProjects/finalTaskOfTA_hw5/src/main/resources/functional.feature:103" name="User enters the search word 'Crocs women' in to search field" status="passed"/>
                        <test duration="1983" locationUrl="file:///C:/Users/oprhe/IdeaProjects/finalTaskOfTA_hw5/src/main/resources/functional.feature:104" name="User clicks to search icon" status="passed"/>
                        <test duration="40" locationUrl="file:///C:/Users/oprhe/IdeaProjects/finalTaskOfTA_hw5/src/main/resources/functional.feature:105" name="User checks that filter menu is visible" status="passed"/>
                        <test duration="2513" locationUrl="file:///C:/Users/oprhe/IdeaProjects/finalTaskOfTA_hw5/src/main/resources/functional.feature:106" name="User clicks to needed product item 0 on page" status="passed"/>
                        <test duration="128" locationUrl="file:///C:/Users/oprhe/IdeaProjects/finalTaskOfTA_hw5/src/main/resources/functional.feature:107" name="User clicks to size select button" status="passed"/>
                        <test duration="217" locationUrl="file:///C:/Users/oprhe/IdeaProjects/finalTaskOfTA_hw5/src/main/resources/functional.feature:108" name="User clicks to size 4 in size list" status="passed"/>
                        <test duration="901" locationUrl="file:///C:/Users/oprhe/IdeaProjects/finalTaskOfTA_hw5/src/main/resources/functional.feature:109" name="User clicks to 'Add To Cart' button" status="failed">
                            <output type="stderr">Step failedorg.openqa.selenium.StaleElementReferenceException: stale element reference: element is not attached to the page document
  (Session info: chrome=91.0.4472.101)
For documentation on this error, please visit: https://www.seleniumhq.org/exceptions/stale_element_reference.html
Build info: version: &amp;#39;3.141.59&amp;#39;, revision: &amp;#39;e82be7d358&amp;#39;, time: &amp;#39;2018-11-14T08:17:03&amp;#39;
System info: host: &amp;#39;DESKTOP-E9BIN88&amp;#39;, ip: &amp;#39;192.168.68.115&amp;#39;, os.name: &amp;#39;Windows 10&amp;#39;, os.arch: &amp;#39;amd64&amp;#39;, os.version: &amp;#39;10.0&amp;#39;, java.version: &amp;#39;16.0.1&amp;#39;
Driver info: org.openqa.selenium.chrome.ChromeDriver
Capabilities {acceptInsecureCerts: false, browserName: chrome, browserVersion: 91.0.4472.101, chrome: {chromedriverVersion: 91.0.4472.101 (af52a90bf870..., userDataDir: C:\Users\oprhe\AppData\Loca...}, goog:chromeOptions: {debuggerAddress: localhost:63712}, javascriptEnabled: true, networkConnectionEnabled: false, pageLoadStrategy: normal, platform: WINDOWS, platformName: WINDOWS, proxy: Proxy(), setWindowRect: true, strictFileInteractability: false, timeouts: {implicit: 0, pageLoad: 300000, script: 30000}, unhandledPromptBehavior: dismiss and notify, webauthn:extension:largeBlob: true, webauthn:virtualAuthenticators: true}
Session ID: d01e088590653aaf53ee94c3d2e9f300&#13;
	at java.base/jdk.internal.reflect.NativeConstructorAccessorImpl.newInstance0(Native Method)&#13;
	at java.base/jdk.internal.reflect.NativeConstructorAccessorImpl.newInstance(NativeConstructorAccessorImpl.java:78)&#13;
	at java.base/jdk.internal.reflect.DelegatingConstructorAccessorImpl.newInstance(DelegatingConstructorAccessorImpl.java:45)&#13;
	at java.base/java.lang.reflect.Constructor.newInstanceWithCaller(Constructor.java:499)&#13;
	at java.base/java.lang.reflect.Constructor.newInstance(Constructor.java:480)&#13;
	at org.openqa.selenium.remote.http.W3CHttpResponseCodec.createException(W3CHttpResponseCodec.java:187)&#13;
	at org.openqa.selenium.remote.http.W3CHttpResponseCodec.decode(W3CHttpResponseCodec.java:122)&#13;
	at org.openqa.selenium.remote.http.W3CHttpResponseCodec.decode(W3CHttpResponseCodec.java:49)&#13;
	at org.openqa.selenium.remote.HttpCommandExecutor.execute(HttpCommandExecutor.java:158)&#13;
	at org.openqa.selenium.remote.service.DriverCommandExecutor.execute(DriverCommandExecutor.java:83)&#13;
	at org.openqa.selenium.remote.RemoteWebDriver.execute(RemoteWebDriver.java:552)&#13;
	at org.openqa.selenium.remote.RemoteWebElement.execute(RemoteWebElement.java:285)&#13;
	at org.openqa.selenium.remote.RemoteWebElement.click(RemoteWebElement.java:84)&#13;
	at jdk.internal.reflect.GeneratedMethodAccessor3.invoke(Unknown Source)&#13;
	at java.base/jdk.internal.reflect.DelegatingMethodAccessorImpl.invoke(DelegatingMethodAccessorImpl.java:43)&#13;
	at java.base/java.lang.reflect.Method.invoke(Method.java:567)&#13;
	at org.openqa.selenium.support.pagefactory.internal.LocatingElementHandler.invoke(LocatingElementHandler.java:51)&#13;
	at jdk.proxy2/jdk.proxy2.$Proxy14.click(Unknown Source)&#13;
	at pages.ProductItemPage.clickToAddToCartButton(ProductItemPage.java:52)&#13;
	at stepdefinitions.DefinitionSteps.clickToAddToCartButton(DefinitionSteps.java:128)&#13;
	at ✽.User clicks to &amp;#39;Add To Cart&amp;#39; button(file:///C:/Users/oprhe/IdeaProjects/finalTaskOfTA_hw5/src/main/resources/functional.feature:109)&#13;
</output>
                        </test>
                        <test duration="0" locationUrl="file:///C:/Users/oprhe/IdeaProjects/finalTaskOfTA_hw5/src/main/resources/functional.feature:110" name="User checks that 'Add To Cart' text is visible" status="ignored"/>
                        <test duration="0" locationUrl="file:///C:/Users/oprhe/IdeaProjects/finalTaskOfTA_hw5/src/main/resources/functional.feature:111" name="User checks the number of purchased items '1' above the cart icon" status="ignored"/>
                        <test duration="4159" locationUrl="java:test://stepdefinitions.DefinitionSteps/tearDown" name="After" status="passed"/>
                    </suite>
                </suite>
            </suite>
            <suite duration="12164" locationUrl="file:///C:/Users/oprhe/IdeaProjects/finalTaskOfTA_hw5/src/main/resources/functional.feature:117" name="Check add product to card" status="failed">
                <suite duration="12164" locationUrl="file:///C:/Users/oprhe/IdeaProjects/finalTaskOfTA_hw5/src/main/resources/functional.feature:128" name="Examples" status="failed">
                    <suite duration="12164" locationUrl="file:///C:/Users/oprhe/IdeaProjects/finalTaskOfTA_hw5/src/main/resources/functional.feature:130" name="Example #1" status="failed">
                        <test duration="834" locationUrl="java:test://stepdefinitions.DefinitionSteps/testsSetUp" name="Before" status="passed">
                            <output type="stderr">Starting ChromeDriver 91.0.4472.101 (af52a90bf87030dd1523486a1cd3ae25c5d76c9b-refs/branch-heads/4472@{#1462}) on port 4907
Only local connections are allowed.
Please see https://chromedriver.chromium.org/security-considerations for suggestions on keeping ChromeDriver safe.
ChromeDriver was started successfully.
июн. 14, 2021 7:56:39 PM org.openqa.selenium.remote.ProtocolHandshake createSession
INFO: Detected dialect: W3C
</output>
                        </test>
                        <test duration="1523" locationUrl="file:///C:/Users/oprhe/IdeaProjects/finalTaskOfTA_hw5/src/main/resources/functional.feature:118" name="User opens 'https://www.amazon.com/' page" status="passed"/>
                        <test duration="120" locationUrl="file:///C:/Users/oprhe/IdeaProjects/finalTaskOfTA_hw5/src/main/resources/functional.feature:119" name="User enters the search word 'Crocs women' in to search field" status="passed"/>
                        <test duration="2066" locationUrl="file:///C:/Users/oprhe/IdeaProjects/finalTaskOfTA_hw5/src/main/resources/functional.feature:120" name="User clicks to search icon" status="passed"/>
                        <test duration="58" locationUrl="file:///C:/Users/oprhe/IdeaProjects/finalTaskOfTA_hw5/src/main/resources/functional.feature:121" name="User checks that filter menu is visible" status="passed"/>
                        <test duration="2236" locationUrl="file:///C:/Users/oprhe/IdeaProjects/finalTaskOfTA_hw5/src/main/resources/functional.feature:122" name="User clicks to needed product item 0 on page" status="passed"/>
                        <test duration="149" locationUrl="file:///C:/Users/oprhe/IdeaProjects/finalTaskOfTA_hw5/src/main/resources/functional.feature:123" name="User clicks to size select button" status="passed"/>
                        <test duration="260" locationUrl="file:///C:/Users/oprhe/IdeaProjects/finalTaskOfTA_hw5/src/main/resources/functional.feature:124" name="User clicks to size 4 in size list" status="passed"/>
                        <test duration="786" locationUrl="file:///C:/Users/oprhe/IdeaProjects/finalTaskOfTA_hw5/src/main/resources/functional.feature:125" name="User clicks to 'Add To Cart' button" status="failed">
                            <output type="stderr">Step failedorg.openqa.selenium.StaleElementReferenceException: stale element reference: element is not attached to the page document
  (Session info: chrome=91.0.4472.101)
For documentation on this error, please visit: https://www.seleniumhq.org/exceptions/stale_element_reference.html
Build info: version: &amp;#39;3.141.59&amp;#39;, revision: &amp;#39;e82be7d358&amp;#39;, time: &amp;#39;2018-11-14T08:17:03&amp;#39;
System info: host: &amp;#39;DESKTOP-E9BIN88&amp;#39;, ip: &amp;#39;192.168.68.115&amp;#39;, os.name: &amp;#39;Windows 10&amp;#39;, os.arch: &amp;#39;amd64&amp;#39;, os.version: &amp;#39;10.0&amp;#39;, java.version: &amp;#39;16.0.1&amp;#39;
Driver info: org.openqa.selenium.chrome.ChromeDriver
Capabilities {acceptInsecureCerts: false, browserName: chrome, browserVersion: 91.0.4472.101, chrome: {chromedriverVersion: 91.0.4472.101 (af52a90bf870..., userDataDir: C:\Users\oprhe\AppData\Loca...}, goog:chromeOptions: {debuggerAddress: localhost:51759}, javascriptEnabled: true, networkConnectionEnabled: false, pageLoadStrategy: normal, platform: WINDOWS, platformName: WINDOWS, proxy: Proxy(), setWindowRect: true, strictFileInteractability: false, timeouts: {implicit: 0, pageLoad: 300000, script: 30000}, unhandledPromptBehavior: dismiss and notify, webauthn:extension:largeBlob: true, webauthn:virtualAuthenticators: true}
Session ID: f7dd795999c98cbb4a37a8fa16769215&#13;
	at java.base/jdk.internal.reflect.NativeConstructorAccessorImpl.newInstance0(Native Method)&#13;
	at java.base/jdk.internal.reflect.NativeConstructorAccessorImpl.newInstance(NativeConstructorAccessorImpl.java:78)&#13;
	at java.base/jdk.internal.reflect.DelegatingConstructorAccessorImpl.newInstance(DelegatingConstructorAccessorImpl.java:45)&#13;
	at java.base/java.lang.reflect.Constructor.newInstanceWithCaller(Constructor.java:499)&#13;
	at java.base/java.lang.reflect.Constructor.newInstance(Constructor.java:480)&#13;
	at org.openqa.selenium.remote.http.W3CHttpResponseCodec.createException(W3CHttpResponseCodec.java:187)&#13;
	at org.openqa.selenium.remote.http.W3CHttpResponseCodec.decode(W3CHttpResponseCodec.java:122)&#13;
	at org.openqa.selenium.remote.http.W3CHttpResponseCodec.decode(W3CHttpResponseCodec.java:49)&#13;
	at org.openqa.selenium.remote.HttpCommandExecutor.execute(HttpCommandExecutor.java:158)&#13;
	at org.openqa.selenium.remote.service.DriverCommandExecutor.execute(DriverCommandExecutor.java:83)&#13;
	at org.openqa.selenium.remote.RemoteWebDriver.execute(RemoteWebDriver.java:552)&#13;
	at org.openqa.selenium.remote.RemoteWebElement.execute(RemoteWebElement.java:285)&#13;
	at org.openqa.selenium.remote.RemoteWebElement.click(RemoteWebElement.java:84)&#13;
	at jdk.internal.reflect.GeneratedMethodAccessor3.invoke(Unknown Source)&#13;
	at java.base/jdk.internal.reflect.DelegatingMethodAccessorImpl.invoke(DelegatingMethodAccessorImpl.java:43)&#13;
	at java.base/java.lang.reflect.Method.invoke(Method.java:567)&#13;
	at org.openqa.selenium.support.pagefactory.internal.LocatingElementHandler.invoke(LocatingElementHandler.java:51)&#13;
	at jdk.proxy2/jdk.proxy2.$Proxy14.click(Unknown Source)&#13;
	at pages.ProductItemPage.clickToAddToCartButton(ProductItemPage.java:52)&#13;
	at stepdefinitions.DefinitionSteps.clickToAddToCartButton(DefinitionSteps.java:128)&#13;
	at ✽.User clicks to &amp;#39;Add To Cart&amp;#39; button(file:///C:/Users/oprhe/IdeaProjects/finalTaskOfTA_hw5/src/main/resources/functional.feature:125)&#13;
</output>
                        </test>
                        <test duration="0" locationUrl="file:///C:/Users/oprhe/IdeaProjects/finalTaskOfTA_hw5/src/main/resources/functional.feature:126" name="User checks that 'Add To Cart' text is visible" status="ignored"/>
                        <test duration="4132" locationUrl="java:test://stepdefinitions.DefinitionSteps/tearDown" name="After" status="passed"/>
                    </suite>
                </suite>
            </suite>
        </suite>
    </suite>
</testrun>
